  websocket.cpp
c:\users\whitney\documents\github\snake\server\websocket.cpp(96): warning C4477: 'printf' : format string '%s' requires an argument of type 'char *', but variadic argument 1 has type 'LPVOID'
c:\users\whitney\documents\github\snake\server\websocket.cpp(119): warning C4018: '<': signed/unsigned mismatch
c:\users\whitney\documents\github\snake\server\websocket.cpp(133): warning C4018: '<': signed/unsigned mismatch
c:\users\whitney\documents\github\snake\server\websocket.cpp(155): warning C4018: '>=': signed/unsigned mismatch
c:\users\whitney\documents\github\snake\server\websocket.cpp(168): warning C4244: 'initializing': conversion from 'float' to 'int', possible loss of data
c:\users\whitney\documents\github\snake\server\websocket.cpp(192): warning C4267: '=': conversion from 'size_t' to 'char', possible loss of data
c:\users\whitney\documents\github\snake\server\websocket.cpp(201): warning C4267: '=': conversion from 'size_t' to 'char', possible loss of data
c:\users\whitney\documents\github\snake\server\websocket.cpp(202): warning C4267: '=': conversion from 'size_t' to 'char', possible loss of data
c:\users\whitney\documents\github\snake\server\websocket.cpp(216): warning C4267: '=': conversion from 'size_t' to 'char', possible loss of data
c:\users\whitney\documents\github\snake\server\websocket.cpp(217): warning C4267: '=': conversion from 'size_t' to 'char', possible loss of data
c:\users\whitney\documents\github\snake\server\websocket.cpp(218): warning C4267: '=': conversion from 'size_t' to 'char', possible loss of data
c:\users\whitney\documents\github\snake\server\websocket.cpp(409): warning C4018: '<': signed/unsigned mismatch
c:\users\whitney\documents\github\snake\server\websocket.cpp(607): warning C4018: '>=': signed/unsigned mismatch
c:\users\whitney\documents\github\snake\server\websocket.cpp(634): warning C4018: '<': signed/unsigned mismatch
c:\users\whitney\documents\github\snake\server\websocket.cpp(648): warning C4018: '>=': signed/unsigned mismatch
c:\users\whitney\documents\github\snake\server\websocket.cpp(758): warning C4018: '<': signed/unsigned mismatch
  sha1.cpp
c:\users\whitney\documents\github\snake\server\sha1.cpp(234): warning C4267: '+=': conversion from 'size_t' to 'unsigned char', possible loss of data
c:\users\whitney\documents\github\snake\server\sha1.cpp(241): warning C4267: '+=': conversion from 'size_t' to 'unsigned char', possible loss of data
c:\users\whitney\documents\github\snake\server\sha1.cpp(272): warning C4267: '+=': conversion from 'size_t' to 'unsigned char', possible loss of data
  main.cpp
c:\users\whitney\documents\github\snake\server\main.cpp(28): error C2039: 'empty': is not a member of 'gamestate'
  c:\users\whitney\documents\github\snake\server\gamestate.h(9): note: see declaration of 'gamestate'
c:\users\whitney\documents\github\snake\server\main.cpp(29): error C2676: binary '[': 'gamestate' does not define this operator or a conversion to a type acceptable to the predefined operator
c:\users\whitney\documents\github\snake\server\main.cpp(31): error C2039: 'size': is not a member of 'gamestate'
  c:\users\whitney\documents\github\snake\server\gamestate.h(9): note: see declaration of 'gamestate'
c:\users\whitney\documents\github\snake\server\main.cpp(32): error C2676: binary '[': 'gamestate' does not define this operator or a conversion to a type acceptable to the predefined operator
c:\users\whitney\documents\github\snake\server\main.cpp(42): error C2039: 'erase': is not a member of 'gamestate'
  c:\users\whitney\documents\github\snake\server\gamestate.h(9): note: see declaration of 'gamestate'
c:\users\whitney\documents\github\snake\server\main.cpp(62): error C2059: syntax error: ')'
c:\users\whitney\documents\github\snake\server\main.cpp(77): warning C4551: function call missing argument list
  base64.cpp
c:\users\whitney\documents\github\snake\server\base64.cpp(104): warning C4267: '=': conversion from 'size_t' to 'unsigned char', possible loss of data
c:\users\whitney\documents\github\snake\server\base64.cpp(121): warning C4267: '=': conversion from 'size_t' to 'unsigned char', possible loss of data
  Generating Code...
